<?xml version="1.0" encoding="UTF-8"?>
<testng-results ignored="0" total="2" passed="2" failed="0" skipped="0">
  <reporter-output>
  </reporter-output>
  <suite started-at="2023-07-04T12:25:49 EDT" name="Suite" finished-at="2023-07-04T12:25:59 EDT" duration-ms="9337">
    <groups>
      <group name="cucumber">
        <method signature="AbstractTestNGCucumberTests.runScenario(io.cucumber.testng.PickleWrapper,io.cucumber.testng.FeatureWrapper)[pri:0, instance:com.regression.CucumberRunner@ffaa6af]" name="runScenario" class="io.cucumber.testng.AbstractTestNGCucumberTests"/>
      </group> <!-- cucumber -->
    </groups>
    <test started-at="2023-07-04T12:25:49 EDT" name="Test" finished-at="2023-07-04T12:25:59 EDT" duration-ms="9337">
      <class name="com.regression.CucumberRunner">
        <test-method is-config="true" signature="setUpClass(org.testng.ITestContext)[pri:0, instance:com.regression.CucumberRunner@ffaa6af]" started-at="2023-07-04T12:25:49 EDT" name="setUpClass" finished-at="2023-07-04T12:25:49 EDT" duration-ms="187" status="PASS">
          <params>
            <param index="0">
              <value>
                <![CDATA[org.testng.TestRunner@46dcbeab]]>
              </value>
            </param>
          </params>
          <reporter-output>
          </reporter-output>
        </test-method> <!-- setUpClass -->
        <test-method signature="runScenario(io.cucumber.testng.PickleWrapper,io.cucumber.testng.FeatureWrapper)[pri:0, instance:com.regression.CucumberRunner@ffaa6af]" started-at="2023-07-04T12:25:49 EDT" name="runScenario" description="Runs Cucumber Scenarios" data-provider="scenarios" finished-at="2023-07-04T12:25:54 EDT" duration-ms="4791" status="PASS">
          <params>
            <param index="0">
              <value>
                <![CDATA["Login function with valid credential"]]>
              </value>
            </param>
            <param index="1">
              <value>
                <![CDATA["Login function for Smarttech Online Banking"]]>
              </value>
            </param>
          </params>
          <reporter-output>
          </reporter-output>
        </test-method> <!-- runScenario -->
        <test-method signature="runScenario(io.cucumber.testng.PickleWrapper,io.cucumber.testng.FeatureWrapper)[pri:0, instance:com.regression.CucumberRunner@ffaa6af]" started-at="2023-07-04T12:25:54 EDT" name="runScenario" description="Runs Cucumber Scenarios" data-provider="scenarios" finished-at="2023-07-04T12:25:58 EDT" duration-ms="3878" status="PASS">
          <params>
            <param index="0">
              <value>
                <![CDATA["Login function with invalid credential"]]>
              </value>
            </param>
            <param index="1">
              <value>
                <![CDATA["Login function for Smarttech Online Banking"]]>
              </value>
            </param>
          </params>
          <reporter-output>
          </reporter-output>
        </test-method> <!-- runScenario -->
        <test-method is-config="true" signature="tearDownClass()[pri:0, instance:com.regression.CucumberRunner@ffaa6af]" started-at="2023-07-04T12:25:58 EDT" name="tearDownClass" finished-at="2023-07-04T12:25:59 EDT" duration-ms="456" status="PASS">
          <reporter-output>
          </reporter-output>
        </test-method> <!-- tearDownClass -->
      </class> <!-- com.regression.CucumberRunner -->
    </test> <!-- Test -->
  </suite> <!-- Suite -->
</testng-results>
